Logfile initialized
[INFO] logfile = /Users/rongxanh2052004/Super/Project/Titanium/truyenClient/build.log
[DEBUG] /Users/rongxanh2052004/Library/Application Support/Titanium/mobilesdk/osx/2.1.3.GA/android/builder.py simulator truyen /Users/rongxanh2052004/Downloads/install/developer/adt-bundle-mac/sdk /Users/rongxanh2052004/Super/Project/Titanium/truyenClient com.steam.struyen 5 WVGA854 
[INFO] Building truyen for Android ... one moment
[INFO] Titanium SDK version: 2.1.3 (10/02/12 16:16 15997d0)
[DEBUG] Waiting for device to be ready ...
[TRACE] adb devices returned 1 devices/emulators
[TRACE] adb devices returned 1 devices/emulators
[TRACE] adb devices returned 1 devices/emulators
[TRACE] adb devices returned 1 devices/emulators
[TRACE] adb devices returned 1 devices/emulators
[TRACE] adb devices returned 1 devices/emulators
[DEBUG] Device connected... (waited 15 seconds)
[DEBUG] waited 15.087939 seconds on emulator to get ready
[INFO] Waiting for the Android Emulator to become available
[DEBUG] com.steam.struyen installed? True
[INFO] Fastdev server running, deploying in Fastdev mode
[INFO] Copying CommonJS modules...
[INFO] Copying project resources..
[TRACE] COPYING MODIFIED FILE: /Users/rongxanh2052004/Super/Project/Titanium/truyenClient/Resources/ui/common/ApplicationTabGroup.js => /Users/rongxanh2052004/Super/Project/Titanium/truyenClient/build/android/bin/assets/Resources/ui/common/ApplicationTabGroup.js
[TRACE] COPYING MODIFIED FILE: /Users/rongxanh2052004/Super/Project/Titanium/truyenClient/Resources/ui/handheld/Home.js => /Users/rongxanh2052004/Super/Project/Titanium/truyenClient/build/android/bin/assets/Resources/ui/handheld/Home.js
[INFO] Tiapp.xml unchanged, skipping class generation
[DEBUG] Processing Android resource drawables
[DEBUG] found drawable-long-land-hdpi splash screen at /Users/rongxanh2052004/Super/Project/Titanium/truyenClient/Resources/android/images/res-long-land-hdpi/default.png
[DEBUG] found drawable-long-land-ldpi splash screen at /Users/rongxanh2052004/Super/Project/Titanium/truyenClient/Resources/android/images/res-long-land-ldpi/default.png
[DEBUG] found drawable-long-port-hdpi splash screen at /Users/rongxanh2052004/Super/Project/Titanium/truyenClient/Resources/android/images/res-long-port-hdpi/default.png
[DEBUG] found drawable-long-port-ldpi splash screen at /Users/rongxanh2052004/Super/Project/Titanium/truyenClient/Resources/android/images/res-long-port-ldpi/default.png
[DEBUG] found drawable-notlong-land-hdpi splash screen at /Users/rongxanh2052004/Super/Project/Titanium/truyenClient/Resources/android/images/res-notlong-land-hdpi/default.png
[DEBUG] found drawable-notlong-land-ldpi splash screen at /Users/rongxanh2052004/Super/Project/Titanium/truyenClient/Resources/android/images/res-notlong-land-ldpi/default.png
[DEBUG] found drawable-notlong-land-mdpi splash screen at /Users/rongxanh2052004/Super/Project/Titanium/truyenClient/Resources/android/images/res-notlong-land-mdpi/default.png
[DEBUG] found drawable-notlong-port-hdpi splash screen at /Users/rongxanh2052004/Super/Project/Titanium/truyenClient/Resources/android/images/res-notlong-port-hdpi/default.png
[DEBUG] found drawable-notlong-port-ldpi splash screen at /Users/rongxanh2052004/Super/Project/Titanium/truyenClient/Resources/android/images/res-notlong-port-ldpi/default.png
[DEBUG] found drawable-notlong-port-mdpi splash screen at /Users/rongxanh2052004/Super/Project/Titanium/truyenClient/Resources/android/images/res-notlong-port-mdpi/default.png
[INFO] Waiting for SDCard to become available..
[INFO] Re-launching application ... truyen
[INFO] Launching application ... truyen
[TRACE] adb devices returned 1 devices/emulators
[DEBUG] Device connected... (waited 10 seconds)
[DEBUG] waited 10.205894 seconds on emulator to get ready
[INFO] Waiting for the Android Emulator to become available
[TRACE] adb devices returned 1 devices/emulators
[DEBUG] Device connected... (waited 30 seconds)
[DEBUG] waited 30.173783 seconds on emulator to get ready
[INFO] Waiting for the Android Emulator to become available
[DEBUG] com.steam.struyen installed? True
[INFO] Fastdev server running, deploying in Fastdev mode
[INFO] Copying CommonJS modules...
[INFO] Copying project resources..
[INFO] Tiapp.xml unchanged, skipping class generation
[DEBUG] com.steam.struyen installed? True
[INFO] Fastdev server running, deploying in Fastdev mode
[INFO] Copying CommonJS modules...
[INFO] Copying project resources..
[DEBUG] Processing Android resource drawables
[INFO] Tiapp.xml unchanged, skipping class generation
[DEBUG] found drawable-long-land-hdpi splash screen at /Users/rongxanh2052004/Super/Project/Titanium/truyenClient/Resources/android/images/res-long-land-hdpi/default.png
[DEBUG] found drawable-long-land-ldpi splash screen at /Users/rongxanh2052004/Super/Project/Titanium/truyenClient/Resources/android/images/res-long-land-ldpi/default.png
[DEBUG] found drawable-long-port-hdpi splash screen at /Users/rongxanh2052004/Super/Project/Titanium/truyenClient/Resources/android/images/res-long-port-hdpi/default.png
[DEBUG] found drawable-long-port-ldpi splash screen at /Users/rongxanh2052004/Super/Project/Titanium/truyenClient/Resources/android/images/res-long-port-ldpi/default.png
[DEBUG] found drawable-notlong-land-hdpi splash screen at /Users/rongxanh2052004/Super/Project/Titanium/truyenClient/Resources/android/images/res-notlong-land-hdpi/default.png
[DEBUG] found drawable-notlong-land-ldpi splash screen at /Users/rongxanh2052004/Super/Project/Titanium/truyenClient/Resources/android/images/res-notlong-land-ldpi/default.png
[DEBUG] found drawable-notlong-land-mdpi splash screen at /Users/rongxanh2052004/Super/Project/Titanium/truyenClient/Resources/android/images/res-notlong-land-mdpi/default.png
[DEBUG] found drawable-notlong-port-hdpi splash screen at /Users/rongxanh2052004/Super/Project/Titanium/truyenClient/Resources/android/images/res-notlong-port-hdpi/default.png
[DEBUG] found drawable-notlong-port-ldpi splash screen at /Users/rongxanh2052004/Super/Project/Titanium/truyenClient/Resources/android/images/res-notlong-port-ldpi/default.png
[DEBUG] found drawable-notlong-port-mdpi splash screen at /Users/rongxanh2052004/Super/Project/Titanium/truyenClient/Resources/android/images/res-notlong-port-mdpi/default.png
[DEBUG] Processing Android resource drawables
[DEBUG] found drawable-long-land-hdpi splash screen at /Users/rongxanh2052004/Super/Project/Titanium/truyenClient/Resources/android/images/res-long-land-hdpi/default.png
[DEBUG] found drawable-long-land-ldpi splash screen at /Users/rongxanh2052004/Super/Project/Titanium/truyenClient/Resources/android/images/res-long-land-ldpi/default.png
[DEBUG] found drawable-long-port-hdpi splash screen at /Users/rongxanh2052004/Super/Project/Titanium/truyenClient/Resources/android/images/res-long-port-hdpi/default.png
[DEBUG] found drawable-long-port-ldpi splash screen at /Users/rongxanh2052004/Super/Project/Titanium/truyenClient/Resources/android/images/res-long-port-ldpi/default.png
[DEBUG] found drawable-notlong-land-hdpi splash screen at /Users/rongxanh2052004/Super/Project/Titanium/truyenClient/Resources/android/images/res-notlong-land-hdpi/default.png
[DEBUG] found drawable-notlong-land-ldpi splash screen at /Users/rongxanh2052004/Super/Project/Titanium/truyenClient/Resources/android/images/res-notlong-land-ldpi/default.png
[DEBUG] found drawable-notlong-land-mdpi splash screen at /Users/rongxanh2052004/Super/Project/Titanium/truyenClient/Resources/android/images/res-notlong-land-mdpi/default.png
[DEBUG] found drawable-notlong-port-hdpi splash screen at /Users/rongxanh2052004/Super/Project/Titanium/truyenClient/Resources/android/images/res-notlong-port-hdpi/default.png
[DEBUG] found drawable-notlong-port-ldpi splash screen at /Users/rongxanh2052004/Super/Project/Titanium/truyenClient/Resources/android/images/res-notlong-port-ldpi/default.png
[DEBUG] found drawable-notlong-port-mdpi splash screen at /Users/rongxanh2052004/Super/Project/Titanium/truyenClient/Resources/android/images/res-notlong-port-mdpi/default.png
[INFO] Waiting for SDCard to become available..
[INFO] Waiting for SDCard to become available..
[INFO] Re-launching application ... truyen
[ERROR] Exception occured while building Android project:
[ERROR] Traceback (most recent call last):
[ERROR]   File "/Users/rongxanh2052004/Library/Application Support/Titanium/mobilesdk/osx/2.1.3.GA/android/builder.py", line 2289, in <module>
[ERROR]     s.build_and_run(False, avd_id, debugger_host=debugger_host)
[ERROR]   File "/Users/rongxanh2052004/Library/Application Support/Titanium/mobilesdk/osx/2.1.3.GA/android/builder.py", line 2074, in build_and_run
[ERROR]     self.push_deploy_json()
[ERROR]   File "/Users/rongxanh2052004/Library/Application Support/Titanium/mobilesdk/osx/2.1.3.GA/android/builder.py", line 1761, in push_deploy_json
[ERROR]     os.unlink(deploy_json)
[ERROR] OSError: [Errno 2] No such file or directory: '/Users/rongxanh2052004/Super/Project/Titanium/truyenClient/build/android/bin/deploy.json'
[INFO] Launching application ... truyen
[TRACE] Launch output: Starting: Intent { act=android.intent.action.MAIN cat=[android.intent.category.LAUNCHER] flg=0x10200000 cmp=com.steam.struyen/.TruyenActivity }

[TRACE] Launch output: Starting: Intent { act=android.intent.action.MAIN cat=[android.intent.category.LAUNCHER] flg=0x10200000 cmp=com.steam.struyen/.TruyenActivity }
Warning: Activity not started, its current task has been brought to the front

[INFO] Android Emulator has exited
